# JRE version: Java(TM) SE Runtime Environment (21.0.2+13) (build 21.0.2+13-LTS-58)
# Java VM: Java HotSpot(TM) 64-Bit Server VM (21.0.2+13-LTS-58, mixed mode, sharing, tiered, compressed oops, compressed class ptrs, g1 gc, windows-amd64)
GC Precious Log:
 CardTable entry size: 512
 Card Set container configuration: InlinePtr #cards 5 size 8 Array Of Cards #cards 12 size 40 Howl #buckets 4 coarsen threshold 1843 Howl Bitmap #cards 512 size 80 coarsen threshold 460 Card regions per heap region 1 cards per card region 2048
 CPUs: 12 total, 12 available
 Memory: 7863M
 Large Page Support: Disabled
 NUMA Support: Disabled
 Compressed Oops: Enabled (32-bit)
 Heap Region Size: 1M
 Heap Min Capacity: 8M
 Heap Initial Capacity: 124M
 Heap Max Capacity: 1966M
 Pre-touch: Disabled
 Parallel Workers: 10
 Concurrent Workers: 3
 Concurrent Refinement Workers: 10
 Periodic GC: Disabled
Heap:
 garbage-first heap   total 75776K, used 43501K [0x0000000085200000, 0x0000000100000000)
  region size 1024K, 16 young (16384K), 1 survivors (1024K)
 Metaspace       used 69821K, committed 70464K, reserved 1114112K
  class space    used 9387K, committed 9664K, reserved 1048576K
GC Heap History (20 events):
Event: 471.723 GC heap before
{Heap before GC invocations=46 (full 0):
 garbage-first heap   total 75776K, used 68113K [0x0000000085200000, 0x0000000100000000)
  region size 1024K, 39 young (39936K), 1 survivors (1024K)
 Metaspace       used 69812K, committed 70464K, reserved 1114112K
  class space    used 9387K, committed 9664K, reserved 1048576K
}
Event: 471.726 GC heap after
{Heap after GC invocations=47 (full 0):
 garbage-first heap   total 75776K, used 29234K [0x0000000085200000, 0x0000000100000000)
  region size 1024K, 1 young (1024K), 1 survivors (1024K)
 Metaspace       used 69812K, committed 70464K, reserved 1114112K
  class space    used 9387K, committed 9664K, reserved 1048576K
}
Event: 472.986 GC heap before
{Heap before GC invocations=47 (full 0):
 garbage-first heap   total 75776K, used 67122K [0x0000000085200000, 0x0000000100000000)
  region size 1024K, 39 young (39936K), 1 survivors (1024K)
 Metaspace       used 69813K, committed 70464K, reserved 1114112K
  class space    used 9387K, committed 9664K, reserved 1048576K
}
Event: 472.995 GC heap after
{Heap after GC invocations=48 (full 0):
 garbage-first heap   total 75776K, used 29114K [0x0000000085200000, 0x0000000100000000)
  region size 1024K, 1 young (1024K), 1 survivors (1024K)
 Metaspace       used 69813K, committed 70464K, reserved 1114112K
  class space    used 9387K, committed 9664K, reserved 1048576K
}
Event: 474.379 GC heap before
{Heap before GC invocations=48 (full 0):
 garbage-first heap   total 75776K, used 68026K [0x0000000085200000, 0x0000000100000000)
  region size 1024K, 39 young (39936K), 1 survivors (1024K)
 Metaspace       used 69813K, committed 70464K, reserved 1114112K
  class space    used 9387K, committed 9664K, reserved 1048576K
}
Event: 474.381 GC heap after
{Heap after GC invocations=49 (full 0):
 garbage-first heap   total 75776K, used 29155K [0x0000000085200000, 0x0000000100000000)
  region size 1024K, 1 young (1024K), 1 survivors (1024K)
 Metaspace       used 69813K, committed 70464K, reserved 1114112K
  class space    used 9387K, committed 9664K, reserved 1048576K
}
Event: 475.792 GC heap before
{Heap before GC invocations=50 (full 0):
 garbage-first heap   total 75776K, used 68067K [0x0000000085200000, 0x0000000100000000)
  region size 1024K, 39 young (39936K), 1 survivors (1024K)
 Metaspace       used 69816K, committed 70464K, reserved 1114112K
  class space    used 9387K, committed 9664K, reserved 1048576K
}
Event: 475.794 GC heap after
{Heap after GC invocations=51 (full 0):
 garbage-first heap   total 75776K, used 29157K [0x0000000085200000, 0x0000000100000000)
  region size 1024K, 1 young (1024K), 1 survivors (1024K)
 Metaspace       used 69816K, committed 70464K, reserved 1114112K
  class space    used 9387K, committed 9664K, reserved 1048576K
}
Event: 477.320 GC heap before
{Heap before GC invocations=51 (full 0):
 garbage-first heap   total 75776K, used 68069K [0x0000000085200000, 0x0000000100000000)
  region size 1024K, 39 young (39936K), 1 survivors (1024K)
 Metaspace       used 69816K, committed 70464K, reserved 1114112K
  class space    used 9387K, committed 9664K, reserved 1048576K
}
Event: 477.322 GC heap after
{Heap after GC invocations=52 (full 0):
 garbage-first heap   total 75776K, used 29152K [0x0000000085200000, 0x0000000100000000)
  region size 1024K, 1 young (1024K), 1 survivors (1024K)
 Metaspace       used 69816K, committed 70464K, reserved 1114112K
  class space    used 9387K, committed 9664K, reserved 1048576K
}
Event: 478.800 GC heap before
{Heap before GC invocations=53 (full 0):
 garbage-first heap   total 75776K, used 68064K [0x0000000085200000, 0x0000000100000000)
  region size 1024K, 39 young (39936K), 1 survivors (1024K)
 Metaspace       used 69816K, committed 70464K, reserved 1114112K
  class space    used 9387K, committed 9664K, reserved 1048576K
}
Event: 478.803 GC heap after
{Heap after GC invocations=54 (full 0):
 garbage-first heap   total 75776K, used 29154K [0x0000000085200000, 0x0000000100000000)
  region size 1024K, 1 young (1024K), 1 survivors (1024K)
 Metaspace       used 69816K, committed 70464K, reserved 1114112K
  class space    used 9387K, committed 9664K, reserved 1048576K
}
Event: 480.671 GC heap before
{Heap before GC invocations=54 (full 0):
 garbage-first heap   total 75776K, used 67042K [0x0000000085200000, 0x0000000100000000)
  region size 1024K, 39 young (39936K), 1 survivors (1024K)
 Metaspace       used 69816K, committed 70464K, reserved 1114112K
  class space    used 9387K, committed 9664K, reserved 1048576K
}
Event: 480.673 GC heap after
{Heap after GC invocations=55 (full 0):
 garbage-first heap   total 75776K, used 29168K [0x0000000085200000, 0x0000000100000000)
  region size 1024K, 1 young (1024K), 1 survivors (1024K)
 Metaspace       used 69816K, committed 70464K, reserved 1114112K
  class space    used 9387K, committed 9664K, reserved 1048576K
}
Event: 482.221 GC heap before
{Heap before GC invocations=56 (full 0):
 garbage-first heap   total 75776K, used 68080K [0x0000000085200000, 0x0000000100000000)
  region size 1024K, 39 young (39936K), 1 survivors (1024K)
 Metaspace       used 69816K, committed 70464K, reserved 1114112K
  class space    used 9387K, committed 9664K, reserved 1048576K
}
Event: 482.222 GC heap after
{Heap after GC invocations=57 (full 0):
 garbage-first heap   total 75776K, used 29159K [0x0000000085200000, 0x0000000100000000)
  region size 1024K, 1 young (1024K), 1 survivors (1024K)
 Metaspace       used 69816K, committed 70464K, reserved 1114112K
  class space    used 9387K, committed 9664K, reserved 1048576K
}
Event: 485.211 GC heap before
{Heap before GC invocations=57 (full 0):
 garbage-first heap   total 75776K, used 68071K [0x0000000085200000, 0x0000000100000000)
  region size 1024K, 39 young (39936K), 1 survivors (1024K)
 Metaspace       used 69817K, committed 70464K, reserved 1114112K
  class space    used 9387K, committed 9664K, reserved 1048576K
}
Event: 485.213 GC heap after
{Heap after GC invocations=58 (full 0):
 garbage-first heap   total 75776K, used 29169K [0x0000000085200000, 0x0000000100000000)
  region size 1024K, 1 young (1024K), 1 survivors (1024K)
 Metaspace       used 69817K, committed 70464K, reserved 1114112K
  class space    used 9387K, committed 9664K, reserved 1048576K
}
Event: 488.622 GC heap before
{Heap before GC invocations=59 (full 0):
 garbage-first heap   total 75776K, used 67057K [0x0000000085200000, 0x0000000100000000)
  region size 1024K, 39 young (39936K), 1 survivors (1024K)
 Metaspace       used 69821K, committed 70464K, reserved 1114112K
  class space    used 9387K, committed 9664K, reserved 1048576K
}
Event: 488.624 GC heap after
{Heap after GC invocations=60 (full 0):
 garbage-first heap   total 75776K, used 29165K [0x0000000085200000, 0x0000000100000000)
  region size 1024K, 1 young (1024K), 1 survivors (1024K)
 Metaspace       used 69821K, committed 70464K, reserved 1114112K
  class space    used 9387K, committed 9664K, reserved 1048576K
}

